
[ 89% 20189/22468] target Pack Relocations: libstagefrighthw_32 (/home/kessaras/cypher-o/out/target/product/h815/obj_arm/SHARED_LIBRARIES/libstagefrighthw_intermediates/PACKED/libstagefrighthw.so)
[ 89% 20190/22468] Install: /home/kessaras/cypher-o/out/target/product/h815/system/lib/libwifi-service.so
[ 89% 20191/22468] target Symbolic: libstagefrighthw_32 (/home/kessaras/cypher-o/out/target/product/h815/symbols/system/lib/libstagefrighthw.so)
[ 89% 20192/22468] Install: /home/kessaras/cypher-o/out/target/product/h815/system/vendor/bin/hw/android.hardware.cas@1.0-service
[ 89% 20193/22468] Install: /home/kessaras/cypher-o/out/target/product/h815/system/vendor/lib/camera.device@1.0-impl.so
[ 89% 20194/22468] Install: /home/kessaras/cypher-o/out/target/product/h815/system/vendor/lib/camera.device@3.2-impl.so
[ 89% 20195/22468] Install: /home/kessaras/cypher-o/out/target/product/h815/system/vendor/lib/camera.device@3.3-impl.so
[ 89% 20196/22468] Install: /home/kessaras/cypher-o/out/target/product/h815/system/vendor/lib/hw/android.hardware.audio.effect@2.0-impl.so
[ 89% 20197/22468] Install: /home/kessaras/cypher-o/out/target/product/h815/system/vendor/lib/hw/android.hardware.audio@2.0-impl.so
[ 89% 20198/22468] Install: /home/kessaras/cypher-o/out/target/product/h815/system/vendor/lib/hw/android.hardware.bluetooth@1.0-impl.so
[ 89% 20199/22468] Install: /home/kessaras/cypher-o/out/target/product/h815/system/vendor/lib/hw/android.hardware.camera.provider@2.4-impl.so
[ 89% 20200/22468] Install: /home/kessaras/cypher-o/out/target/product/h815/system/vendor/lib/hw/android.hardware.gatekeeper@1.0-impl.so
[ 89% 20201/22468] Install: /home/kessaras/cypher-o/out/target/product/h815/system/vendor/lib/hw/android.hardware.gnss@1.0-impl.so
[ 89% 20202/22468] Install: /home/kessaras/cypher-o/out/target/product/h815/system/vendor/lib/libhwc2on1adapter.so
[ 89% 20203/22468] Install: /home/kessaras/cypher-o/out/target/product/h815/system/vendor/lib/hw/android.hardware.graphics.composer@2.1-impl.so
[ 89% 20204/22468] Install: /home/kessaras/cypher-o/out/target/product/h815/system/vendor/lib/hw/android.hardware.graphics.mapper@2.0-impl.so
[ 89% 20205/22468] Install: /home/kessaras/cypher-o/out/target/product/h815/system/vendor/lib/hw/android.hardware.health@1.0-impl.so
[ 89% 20206/22468] Install: /home/kessaras/cypher-o/out/target/product/h815/system/vendor/lib/hw/android.hardware.ir@1.0-impl.so
[ 89% 20207/22468] target Strip (mini debug info): libqdutils_32 (/home/kessaras/cypher-o/out/target/product/h815/obj_arm/SHARED_LIBRARIES/libqdutils_intermediates/libqdutils.so)
[ 89% 20208/22468] target Strip (mini debug info): libstagefrighthw_32 (/home/kessaras/cypher-o/out/target/product/h815/obj_arm/SHARED_LIBRARIES/libstagefrighthw_intermediates/libstagefrighthw.so)
[ 89% 20209/22468] Install: /home/kessaras/cypher-o/out/target/product/h815/system/vendor/lib/hw/android.hardware.keymaster@3.0-impl.so
[ 89% 20210/22468] Install: /home/kessaras/cypher-o/out/target/product/h815/system/lib/libstagefrighthw.so
[ 89% 20211/22468] Copy: /home/kessaras/cypher-o/out/target/product/h815/obj_arm/lib/libqdutils.so
[ 89% 20212/22468] build /home/kessaras/cypher-o/out/target/product/h815/obj_arm/SHARED_LIBRARIES/libqdutils_intermediates/libqdutils.so.toc
[ 89% 20213/22468] Install: /home/kessaras/cypher-o/out/target/product/h815/system/vendor/lib/hw/android.hardware.light@2.0-impl.so
[ 89% 20214/22468] Copy: /home/kessaras/cypher-o/out/target/product/h815/obj_arm/lib/libqdutils.so.toc
[ 89% 20215/22468] //frameworks/av/media/libstagefright/foundation:libstagefright_foundation link libstagefright_foundation.so [arm]
[ 89% 20216/22468] Install: /home/kessaras/cypher-o/out/target/product/h815/system/lib/libqdutils.so
[ 89% 20217/22468] Install: /home/kessaras/cypher-o/out/target/product/h815/system/vendor/lib/hw/android.hardware.memtrack@1.0-impl.so
[ 89% 20218/22468] Install: /home/kessaras/cypher-o/out/target/product/h815/system/vendor/lib/hw/android.hardware.nfc@1.0-impl.so
[ 89% 20219/22468] Install: /home/kessaras/cypher-o/out/target/product/h815/system/vendor/lib/hw/android.hardware.renderscript@1.0-impl.so
[ 89% 20220/22468] Install: /home/kessaras/cypher-o/out/target/product/h815/system/vendor/lib/hw/android.hardware.sensors@1.0-impl.so
[ 89% 20221/22468] Install: /home/kessaras/cypher-o/out/target/product/h815/system/vendor/lib/hw/android.hardware.soundtrigger@2.0-impl.so
[ 90% 20222/22468] Install: /home/kessaras/cypher-o/out/target/product/h815/system/vendor/lib/hw/android.hardware.power@1.0-impl.so
[ 90% 20223/22468] Install: /home/kessaras/cypher-o/out/target/product/h815/system/vendor/lib/hw/android.hardware.vibrator@1.0-impl.so
[ 90% 20224/22468] Install: /home/kessaras/cypher-o/out/target/product/h815/system/vendor/lib/hw/android.hardware.thermal@1.0-impl.so
[ 90% 20225/22468] Install: /home/kessaras/cypher-o/out/target/product/h815/system/vendor/lib/libnbaio_mono.so
[ 90% 20226/22468] Install: /home/kessaras/cypher-o/out/target/product/h815/system/vendor/lib/soundfx/libaudiopreprocessing.so
[ 90% 20227/22468] Install: /home/kessaras/cypher-o/out/target/product/h815/system/vendor/lib/soundfx/libeffectproxy.so
[ 90% 20228/22468] Install: /home/kessaras/cypher-o/out/target/product/h815/system/vendor/lib/hw/audio.r_submix.default.so
[ 90% 20229/22468] //frameworks/native/opengl/libs:libEGL generate toc libEGL.so [arm]
